method : ExecMin10.index
sid : 101
server : 101
time : 2016-03-25 19:39:17
========================
method : ExecMin10.index
sid : 102
server : 102
time : 2016-03-25 19:39:17
========================
method : ExecMin10.index
sid : 103
server : 103
time : 2016-03-25 19:39:17
========================
method : Exec.index
interval : Min10
server : 0
time : 2016-03-25 19:39:17
========================
method : ExecMin10.index
sid : 104
server : 104
time : 2016-03-25 19:40:23
========================
method : Exec.index
interval : Min10
server : 0
time : 2016-03-25 19:40:23
========================
method : ExecMin10.index
sid : 104
server : 104
time : 2016-03-25 19:42:47
========================
method : Exec.index
interval : Min10
server : 0
time : 2016-03-25 19:42:47
========================
method : ExecMin10.index
sid : 104
server : 104
time : 2016-03-25 19:43:28
========================
method : Exec.index
interval : Min10
server : 0
time : 2016-03-25 19:43:28
========================
method : ExecMin10.index
sid : 104
server : 104
time : 2016-03-25 19:43:30
========================
method : Exec.index
interval : Min10
server : 0
time : 2016-03-25 19:43:30
========================
method : ExecMin10.index
sid : 104
server : 104
time : 2016-03-25 19:44:14
========================
method : Exec.index
interval : Min10
server : 0
time : 2016-03-25 19:44:14
========================
method : ExecMin10.index
sid : 104
server : 104
time : 2016-03-25 19:44:57
========================
method : Exec.index
interval : Min10
server : 0
time : 2016-03-25 19:44:57
========================
method : ExecMin10.index
sid : 104
server : 104
time : 2016-03-25 19:45:54
========================
method : Exec.index
interval : Min10
server : 0
time : 2016-03-25 19:45:54
========================
method : ExecMin10.index
sid : 104
server : 104
time : 2016-03-25 19:46:30
========================
method : Exec.index
interval : Min10
server : 0
time : 2016-03-25 19:46:30
========================
method : ExecMin10.index
sid : 104
server : 104
time : 2016-03-25 19:46:54
========================
method : Exec.index
interval : Min10
server : 0
time : 2016-03-25 19:46:54
========================
method : ExecMin10.index
sid : 104
server : 104
time : 2016-03-25 19:47:11
========================
method : Exec.index
interval : Min10
server : 0
time : 2016-03-25 19:47:11
========================
method : ExecMin10.index
sid : 104
server : 104
time : 2016-03-25 19:47:58
========================
method : Exec.index
interval : Min10
server : 0
time : 2016-03-25 19:47:58
========================
method : ExecMin10.index
sid : 104
server : 104
time : 2016-03-25 19:48:21
========================
method : Exec.index
interval : Min10
server : 0
time : 2016-03-25 19:48:21
========================
method : ExecMin10.index
sid : 104
server : 104
time : 2016-03-25 19:48:47
========================
method : Exec.index
interval : Min10
server : 0
time : 2016-03-25 19:48:47
========================
method : ExecMin10.index
sid : 104
server : 104
time : 2016-03-25 19:48:59
========================
method : Exec.index
interval : Min10
server : 0
time : 2016-03-25 19:48:59
========================
method : ExecMin10.index
sid : 104
server : 104
time : 2016-03-25 19:50:16
========================
method : Exec.index
interval : Min10
server : 0
time : 2016-03-25 19:50:16
========================
method : ExecMin10.index
sid : 104
server : 104
time : 2016-03-25 19:50:42
========================
method : Exec.index
interval : Min10
server : 0
time : 2016-03-25 19:50:42
========================
method : ExecMin10.index
sid : 104
server : 104
time : 2016-03-25 19:51:59
========================
method : Exec.index
interval : Min10
server : 0
time : 2016-03-25 19:51:59
========================
method : ExecMin10.index
sid : 104
server : 104
time : 2016-03-25 19:52:27
========================
method : Exec.index
interval : Min10
server : 0
time : 2016-03-25 19:52:27
========================
method : ExecMin10.index
sid : 104
server : 104
time : 2016-03-25 19:52:30
========================
method : Exec.index
interval : Min10
server : 0
time : 2016-03-25 19:52:30
========================
method : ExecMin10.index
sid : 104
server : 104
time : 2016-03-25 19:52:42
========================
method : Exec.index
interval : Min10
server : 0
time : 2016-03-25 19:52:42
========================
method : ExecMin10.index
sid : 104
server : 104
time : 2016-03-25 19:54:06
========================
method : Exec.index
interval : Min10
server : 0
time : 2016-03-25 19:54:06
========================
method : ExecMin10.index
sid : 104
server : 104
time : 2016-03-25 19:54:20
========================
method : Exec.index
interval : Min10
server : 0
time : 2016-03-25 19:54:20
========================
method : ExecMin10.index
sid : 104
server : 104
time : 2016-03-25 19:56:36
========================
method : Exec.index
interval : Min10
server : 0
time : 2016-03-25 19:56:36
========================
method : ExecMin10.index
sid : 104
server : 104
time : 2016-03-25 19:58:42
========================
method : Exec.index
interval : Min10
server : 0
time : 2016-03-25 19:58:42
========================
method : ExecMin10.index
sid : 104
server : 104
time : 2016-03-25 19:59:32
========================
method : Exec.index
interval : Min10
server : 0
time : 2016-03-25 19:59:32
========================
method : ExecMin10.index
sid : 104
server : 104
time : 2016-03-25 19:59:45
========================
method : Exec.index
interval : Min10
server : 0
time : 2016-03-25 19:59:45
========================
method : ExecMin10.index
sid : 104
server : 104
time : 2016-03-25 20:01:01
========================
method : Exec.index
interval : Min10
server : 0
time : 2016-03-25 20:01:01
========================
method : ExecMin10.index
sid : 104
server : 104
time : 2016-03-25 20:02:14
========================
method : Exec.index
interval : Min10
server : 0
time : 2016-03-25 20:02:14
========================
method : ExecMin10.index
sid : 104
server : 104
time : 2016-03-25 20:03:01
========================
method : Exec.index
interval : Min10
server : 0
time : 2016-03-25 20:03:01
========================
