method : Exec.index
interval : Daily
server : 0
time : 2016-03-28 14:06:31
========================
method : Exec.index
interval : Daily
server : 0
time : 2016-03-28 14:06:51
========================
method : Exec.index
interval : Daily
server : 0
time : 2016-03-28 14:07:31
========================
method : Exec.index
interval : Daily
server : 0
time : 2016-03-28 14:08:23
========================
method : Exec.index
interval : Daily
server : 0
time : 2016-03-28 14:09:09
========================
method : Exec.index
interval : Daily
server : 0
time : 2016-03-28 14:09:22
========================
method : Exec.index
interval : Daily
server : 0
time : 2016-03-28 14:09:52
========================
method : Exec.index
interval : Daily
server : 0
time : 2016-03-28 14:11:11
========================
method : Exec.index
interval : Daily
server : 0
time : 2016-03-28 14:11:21
========================
method : Exec.index
interval : Daily
server : 0
time : 2016-03-28 14:11:34
========================
method : Exec.index
interval : Daily
server : 0
time : 2016-03-28 14:12:04
========================
method : Exec.index
interval : Daily
server : 0
time : 2016-03-28 14:12:34
========================
method : Exec.index
interval : Daily
server : 0
time : 2016-03-28 14:14:14
========================
method : Exec.index
interval : Daily
server : 0
time : 2016-03-28 14:14:43
========================
method : Exec.index
interval : Daily
server : 0
time : 2016-03-28 14:31:29
========================
