method : ExecMin1.index
sid : 104
server : 104
time : 2016-03-26 18:20:59
========================
method : Exec.index
interval : Min1
server : 0
time : 2016-03-26 18:20:59
========================
method : ExecMin10.index
sid : 104
server : 104
time : 2016-03-26 18:21:07
========================
method : Exec.index
interval : Min10
server : 0
time : 2016-03-26 18:21:07
========================
method : ExecMin10.index
sid : 104
server : 104
time : 2016-03-26 18:21:47
========================
method : Exec.index
interval : Min10
server : 0
time : 2016-03-26 18:21:47
========================
method : Exec.index
interval : hourly
server : 0
time : 2016-03-26 18:24:27
========================
method : Exec.index
interval : hourly
server : 0
time : 2016-03-26 18:24:30
========================
method : Exec.index
interval : hourly
server : 0
time : 2016-03-26 18:24:45
========================
method : Exec.index
interval : hourly
server : 0
time : 2016-03-26 18:24:47
========================
method : ExecMin10.index
sid : 104
server : 104
time : 2016-03-26 18:26:31
========================
method : Exec.index
interval : Min10
server : 0
time : 2016-03-26 18:26:31
========================
method : Exec.index
interval : hourly
server : 0
time : 2016-03-26 18:26:34
========================
method : Exec.index
interval : hourly
server : 0
time : 2016-03-26 18:27:25
========================
method : Exec.index
interval : hourly
server : 0
time : 2016-03-26 18:27:29
========================
method : Exec.index
interval : hourly
server : 0
time : 2016-03-26 18:27:41
========================
method : Exec.index
interval : hourly
server : 0
time : 2016-03-26 18:27:43
========================
method : Exec.index
interval : hourly
server : 0
time : 2016-03-26 18:28:34
========================
method : ExecHourly.index
sid : 104
server : 104
time : 2016-03-26 18:30:01
========================
method : Exec.index
interval : Hourly
server : 0
time : 2016-03-26 18:30:01
========================
method : ExecHourly.index
sid : 104
server : 104
time : 2016-03-26 18:30:34
========================
method : Exec.index
interval : Hourly
server : 0
time : 2016-03-26 18:30:34
========================
method : Exec.index
interval : Daily
server : 0
time : 2016-03-26 18:34:19
========================
method : Exec.index
interval : Daily
server : 0
time : 2016-03-26 18:36:20
========================
method : Exec.index
interval : Daily
server : 0
time : 2016-03-26 18:56:23
========================
method : ExecMin10.index
sid : 103
server : 103
time : 2016-03-26 19:31:53
========================
method : ExecMin10.index
sid : 101
server : 101
time : 2016-03-26 19:31:53
========================
method : ExecMin10.index
sid : 102
server : 102
time : 2016-03-26 19:31:53
========================
method : Exec.index
interval : Min10
server : 0
time : 2016-03-26 19:31:53
========================
method : ExecMin10.index
sid : 103
server : 103
time : 2016-03-26 19:33:13
========================
method : ExecMin10.index
sid : 101
server : 101
time : 2016-03-26 19:33:13
========================
method : ExecMin10.index
sid : 102
server : 102
time : 2016-03-26 19:33:13
========================
method : Exec.index
interval : Min10
server : 0
time : 2016-03-26 19:33:13
========================
method : ExecMin10.index
sid : 103
server : 103
time : 2016-03-26 19:33:21
========================
method : ExecMin10.index
sid : 101
server : 101
time : 2016-03-26 19:33:21
========================
method : ExecMin10.index
sid : 102
server : 102
time : 2016-03-26 19:33:21
========================
method : Exec.index
interval : Min10
server : 0
time : 2016-03-26 19:33:21
========================
method : ExecMin10.index
sid : 102
server : 102
time : 2016-03-26 19:34:55
========================
method : ExecMin10.index
sid : 101
server : 101
time : 2016-03-26 19:34:55
========================
method : ExecMin10.index
sid : 103
server : 103
time : 2016-03-26 19:34:55
========================
method : Exec.index
interval : Min10
server : 0
time : 2016-03-26 19:34:55
========================
method : ExecMin10.index
sid : 103
server : 103
time : 2016-03-26 19:35:30
========================
method : ExecMin10.index
sid : 101
server : 101
time : 2016-03-26 19:35:30
========================
method : ExecMin10.index
sid : 102
server : 102
time : 2016-03-26 19:35:30
========================
method : Exec.index
interval : Min10
server : 0
time : 2016-03-26 19:35:30
========================
method : ExecMin10.index
sid : 101
server : 101
time : 2016-03-26 19:38:00
========================
method : ExecMin10.index
sid : 103
server : 103
time : 2016-03-26 19:38:00
========================
method : ExecMin10.index
sid : 102
server : 102
time : 2016-03-26 19:38:00
========================
method : Exec.index
interval : Min10
server : 0
time : 2016-03-26 19:38:00
========================
method : ExecMin10.index
sid : 103
server : 103
time : 2016-03-26 19:38:29
========================
method : ExecMin10.index
sid : 101
server : 101
time : 2016-03-26 19:38:29
========================
method : ExecMin10.index
sid : 102
server : 102
time : 2016-03-26 19:38:29
========================
method : Exec.index
interval : Min10
server : 0
time : 2016-03-26 19:38:29
========================
method : ExecMin10.index
sid : 101
server : 101
time : 2016-03-26 19:38:41
========================
method : ExecMin10.index
sid : 103
server : 103
time : 2016-03-26 19:38:41
========================
method : ExecMin10.index
sid : 102
server : 102
time : 2016-03-26 19:38:41
========================
method : Exec.index
interval : Min10
server : 0
time : 2016-03-26 19:38:41
========================
method : ExecMin10.index
sid : 103
server : 103
time : 2016-03-26 19:44:35
========================
method : ExecMin10.index
sid : 102
server : 102
time : 2016-03-26 19:44:35
========================
method : ExecMin10.index
sid : 101
server : 101
time : 2016-03-26 19:44:36
========================
method : Exec.index
interval : Min10
server : 0
time : 2016-03-26 19:44:36
========================
