method : ExecDaily.index
sid : 104
server : 104
time : 2016-03-26 18:34:19
========================
method : ExecDaily.index
sid : 104
server : 104
time : 2016-03-26 18:36:20
========================
method : ExecDaily.index
sid : 104
server : 104
time : 2016-03-26 18:39:14
========================
method : ExecDaily.index
sid : 104
server : 104
time : 2016-03-26 18:41:45
========================
method : ExecDaily.index
sid : 104
server : 104
time : 2016-03-26 18:42:59
========================
method : ExecDaily.index
sid : 104
server : 104
time : 2016-03-26 18:43:29
========================
method : ExecDaily.index
sid : 104
server : 104
time : 2016-03-26 18:52:27
========================
method : ExecDaily.index
sid : 104
server : 104
time : 2016-03-26 18:53:58
========================
method : ExecDaily.index
sid : 104
server : 104
time : 2016-03-26 18:54:15
========================
method : ExecDaily.index
sid : 104
server : 104
time : 2016-03-26 18:54:36
========================
method : ExecDaily.index
sid : 104
server : 104
time : 2016-03-26 18:54:52
========================
method : ExecDaily.index
sid : 104
server : 104
time : 2016-03-26 18:55:13
========================
method : ExecDaily.index
sid : 104
server : 104
time : 2016-03-26 18:55:37
========================
method : ExecDaily.index
sid : 104
server : 104
time : 2016-03-26 18:55:40
========================
method : ExecDaily.index
sid : 104
server : 104
time : 2016-03-26 18:56:23
========================
method : ExecDaily.index
sid : 104
server : 104
time : 2016-03-26 18:57:02
========================
method : ExecDaily.index
sid : 104
server : 104
time : 2016-03-26 18:57:14
========================
method : ExecDaily.index
sid : 104
server : 104
time : 2016-03-26 18:57:19
========================
method : ExecDaily.index
sid : 104
server : 104
time : 2016-03-26 18:57:24
========================
method : ExecDaily.index
sid : 104
server : 104
time : 2016-03-26 19:02:05
========================
method : ExecDaily.index
sid : 104
server : 104
time : 2016-03-26 19:02:31
========================
method : ExecDaily.index
sid : 104
server : 104
time : 2016-03-26 19:02:37
========================
method : ExecDaily.index
sid : 102
server : 102
time : 2016-03-28 14:06:30
========================
method : ExecDaily.index
sid : 103
server : 103
time : 2016-03-28 14:06:30
========================
method : ExecDaily.index
sid : 101
server : 101
time : 2016-03-28 14:06:31
========================
method : ExecDaily.index
sid : 104
server : 104
time : 2016-03-28 14:06:51
========================
method : ExecDaily.index
sid : 104
server : 104
time : 2016-03-28 14:07:31
========================
method : ExecDaily.index
sid : 104
server : 104
time : 2016-03-28 14:08:23
========================
method : ExecDaily.index
sid : 104
server : 104
time : 2016-03-28 14:09:09
========================
method : ExecDaily.index
sid : 104
server : 104
time : 2016-03-28 14:09:22
========================
method : ExecDaily.index
sid : 104
server : 104
time : 2016-03-28 14:09:52
========================
method : ExecDaily.index
sid : 102
server : 102
time : 2016-03-28 14:11:11
========================
method : ExecDaily.index
sid : 103
server : 103
time : 2016-03-28 14:11:11
========================
method : ExecDaily.index
sid : 101
server : 101
time : 2016-03-28 14:11:11
========================
method : ExecDaily.index
sid : 104
server : 104
time : 2016-03-28 14:11:21
========================
method : ExecDaily.index
sid : 104
server : 104
time : 2016-03-28 14:11:34
========================
method : ExecDaily.index
sid : 104
server : 104
time : 2016-03-28 14:12:04
========================
method : ExecDaily.index
sid : 104
server : 104
time : 2016-03-28 14:12:34
========================
method : ExecDaily.index
sid : 104
server : 104
time : 2016-03-28 14:14:14
========================
method : ExecDaily.index
sid : 104
server : 104
time : 2016-03-28 14:14:43
========================
method : ExecDaily.index
sid : 103
server : 103
time : 2016-03-28 14:31:29
========================
method : ExecDaily.index
sid : 101
server : 101
time : 2016-03-28 14:31:29
========================
method : ExecDaily.index
sid : 102
server : 102
time : 2016-03-28 14:31:29
========================
